<?xml version="1.0" encoding="UTF-8"?>
<!-- Generated by org.testng.reporters.JUnitReportReporter -->
<testsuite hostname="Acer-Nitro-5" failures="0" tests="1" name="com.twitterautomation.testcases.TestLoginPage" time="15.512" errors="0" timestamp="2024-12-23T23:21:51 IST" skipped="0">
  <testcase classname="com.twitterautomation.testcases.TestLoginPage" name="loginToTwitter" time="15.512"/>
  <system-out/>
</testsuite> <!-- com.twitterautomation.testcases.TestLoginPage -->
